W, [2014-05-11T14:38:02.982545 #5536]  WARN -- : Warning. Error encountered while saving cache 8516aaf8d2b0c1912ca680136098369bac589422/blogs.css.scssc: can't dump anonymous class #<Class:0x00000101ec1d80>

W, [2014-05-11T14:38:03.000899 #5536]  WARN -- : Warning. Error encountered while saving cache 8516aaf8d2b0c1912ca680136098369bac589422/custom.css.scssc: can't dump anonymous class #<Class:0x00000101ec1d80>

W, [2014-05-11T14:38:03.008982 #5536]  WARN -- : Warning. Error encountered while saving cache 20f236cbe347f2844ccd2e316260eca856bea272/bootstrap.scssc: can't dump anonymous class #<Class:0x00000101ec1d80>

W, [2014-05-11T14:38:03.120837 #5536]  WARN -- : Warning. Error encountered while saving cache afc97e8c8dfe5b5b61a81c5ed6e31d4f07834af4/_variables.scssc: can't dump anonymous class #<Class:0x00000101ec1d80>

W, [2014-05-11T14:38:03.134211 #5536]  WARN -- : Warning. Error encountered while saving cache afc97e8c8dfe5b5b61a81c5ed6e31d4f07834af4/_mixins.scssc: can't dump anonymous class #<Class:0x00000101ec1d80>

W, [2014-05-11T14:38:03.138279 #5536]  WARN -- : Warning. Error encountered while saving cache 7c1318b72643d2ee80d3f0a1c7a31b85ecb531d7/_hide-text.scssc: can't dump anonymous class #<Class:0x00000101ec1d80>

W, [2014-05-11T14:38:03.141625 #5536]  WARN -- : Warning. Error encountered while saving cache 7c1318b72643d2ee80d3f0a1c7a31b85ecb531d7/_opacity.scssc: can't dump anonymous class #<Class:0x00000101ec1d80>

W, [2014-05-11T14:38:03.147363 #5536]  WARN -- : Warning. Error encountered while saving cache 7c1318b72643d2ee80d3f0a1c7a31b85ecb531d7/_image.scssc: can't dump anonymous class #<Class:0x00000101ec1d80>

W, [2014-05-11T14:38:03.150227 #5536]  WARN -- : Warning. Error encountered while saving cache 7c1318b72643d2ee80d3f0a1c7a31b85ecb531d7/_labels.scssc: can't dump anonymous class #<Class:0x00000101ec1d80>

W, [2014-05-11T14:38:03.152263 #5536]  WARN -- : Warning. Error encountered while saving cache 7c1318b72643d2ee80d3f0a1c7a31b85ecb531d7/_reset-filter.scssc: can't dump anonymous class #<Class:0x00000101ec1d80>

W, [2014-05-11T14:38:03.154328 #5536]  WARN -- : Warning. Error encountered while saving cache 7c1318b72643d2ee80d3f0a1c7a31b85ecb531d7/_resize.scssc: can't dump anonymous class #<Class:0x00000101ec1d80>

W, [2014-05-11T14:38:03.157920 #5536]  WARN -- : Warning. Error encountered while saving cache 7c1318b72643d2ee80d3f0a1c7a31b85ecb531d7/_responsive-visibility.scssc: can't dump anonymous class #<Class:0x00000101ec1d80>

W, [2014-05-11T14:38:03.160217 #5536]  WARN -- : Warning. Error encountered while saving cache 7c1318b72643d2ee80d3f0a1c7a31b85ecb531d7/_size.scssc: can't dump anonymous class #<Class:0x00000101ec1d80>

W, [2014-05-11T14:38:03.162183 #5536]  WARN -- : Warning. Error encountered while saving cache 7c1318b72643d2ee80d3f0a1c7a31b85ecb531d7/_tab-focus.scssc: can't dump anonymous class #<Class:0x00000101ec1d80>

W, [2014-05-11T14:38:03.164927 #5536]  WARN -- : Warning. Error encountered while saving cache 7c1318b72643d2ee80d3f0a1c7a31b85ecb531d7/_text-emphasis.scssc: can't dump anonymous class #<Class:0x00000101ec1d80>

W, [2014-05-11T14:38:03.166828 #5536]  WARN -- : Warning. Error encountered while saving cache 7c1318b72643d2ee80d3f0a1c7a31b85ecb531d7/_text-overflow.scssc: can't dump anonymous class #<Class:0x00000101ec1d80>

W, [2014-05-11T14:38:03.185761 #5536]  WARN -- : Warning. Error encountered while saving cache 7c1318b72643d2ee80d3f0a1c7a31b85ecb531d7/_vendor-prefixes.scssc: can't dump anonymous class #<Class:0x00000101ec1d80>

W, [2014-05-11T14:38:03.189903 #5536]  WARN -- : Warning. Error encountered while saving cache 7c1318b72643d2ee80d3f0a1c7a31b85ecb531d7/_alerts.scssc: can't dump anonymous class #<Class:0x00000101ec1d80>

W, [2014-05-11T14:38:03.195736 #5536]  WARN -- : Warning. Error encountered while saving cache 7c1318b72643d2ee80d3f0a1c7a31b85ecb531d7/_buttons.scssc: can't dump anonymous class #<Class:0x00000101ec1d80>

W, [2014-05-11T14:38:03.199027 #5536]  WARN -- : Warning. Error encountered while saving cache 7c1318b72643d2ee80d3f0a1c7a31b85ecb531d7/_panels.scssc: can't dump anonymous class #<Class:0x00000101ec1d80>

W, [2014-05-11T14:38:03.202466 #5536]  WARN -- : Warning. Error encountered while saving cache 7c1318b72643d2ee80d3f0a1c7a31b85ecb531d7/_pagination.scssc: can't dump anonymous class #<Class:0x00000101ec1d80>

W, [2014-05-11T14:38:03.206489 #5536]  WARN -- : Warning. Error encountered while saving cache 7c1318b72643d2ee80d3f0a1c7a31b85ecb531d7/_list-group.scssc: can't dump anonymous class #<Class:0x00000101ec1d80>

W, [2014-05-11T14:38:03.209019 #5536]  WARN -- : Warning. Error encountered while saving cache 7c1318b72643d2ee80d3f0a1c7a31b85ecb531d7/_nav-divider.scssc: can't dump anonymous class #<Class:0x00000101ec1d80>

W, [2014-05-11T14:38:03.217804 #5536]  WARN -- : Warning. Error encountered while saving cache 7c1318b72643d2ee80d3f0a1c7a31b85ecb531d7/_forms.scssc: can't dump anonymous class #<Class:0x00000101ec1d80>

W, [2014-05-11T14:38:03.220291 #5536]  WARN -- : Warning. Error encountered while saving cache 7c1318b72643d2ee80d3f0a1c7a31b85ecb531d7/_progress-bar.scssc: can't dump anonymous class #<Class:0x00000101ec1d80>

W, [2014-05-11T14:38:03.224780 #5536]  WARN -- : Warning. Error encountered while saving cache 7c1318b72643d2ee80d3f0a1c7a31b85ecb531d7/_table-row.scssc: can't dump anonymous class #<Class:0x00000101ec1d80>

W, [2014-05-11T14:38:03.227380 #5536]  WARN -- : Warning. Error encountered while saving cache 7c1318b72643d2ee80d3f0a1c7a31b85ecb531d7/_background-variant.scssc: can't dump anonymous class #<Class:0x00000101ec1d80>

W, [2014-05-11T14:38:03.230145 #5536]  WARN -- : Warning. Error encountered while saving cache 7c1318b72643d2ee80d3f0a1c7a31b85ecb531d7/_border-radius.scssc: can't dump anonymous class #<Class:0x00000101ec1d80>

W, [2014-05-11T14:38:03.265948 #5536]  WARN -- : Warning. Error encountered while saving cache 7c1318b72643d2ee80d3f0a1c7a31b85ecb531d7/_gradients.scssc: can't dump anonymous class #<Class:0x00000101ec1d80>

W, [2014-05-11T14:38:03.269127 #5536]  WARN -- : Warning. Error encountered while saving cache 7c1318b72643d2ee80d3f0a1c7a31b85ecb531d7/_clearfix.scssc: can't dump anonymous class #<Class:0x00000101ec1d80>

W, [2014-05-11T14:38:03.271240 #5536]  WARN -- : Warning. Error encountered while saving cache 7c1318b72643d2ee80d3f0a1c7a31b85ecb531d7/_center-block.scssc: can't dump anonymous class #<Class:0x00000101ec1d80>

W, [2014-05-11T14:38:03.273825 #5536]  WARN -- : Warning. Error encountered while saving cache 7c1318b72643d2ee80d3f0a1c7a31b85ecb531d7/_nav-vertical-align.scssc: can't dump anonymous class #<Class:0x00000101ec1d80>

W, [2014-05-11T14:38:03.285656 #5536]  WARN -- : Warning. Error encountered while saving cache 7c1318b72643d2ee80d3f0a1c7a31b85ecb531d7/_grid-framework.scssc: can't dump anonymous class #<Class:0x00000101ec1d80>

W, [2014-05-11T14:38:03.298842 #5536]  WARN -- : Warning. Error encountered while saving cache 7c1318b72643d2ee80d3f0a1c7a31b85ecb531d7/_grid.scssc: can't dump anonymous class #<Class:0x00000101ec1d80>

W, [2014-05-11T14:38:03.315669 #5536]  WARN -- : Warning. Error encountered while saving cache afc97e8c8dfe5b5b61a81c5ed6e31d4f07834af4/_normalize.scssc: can't dump anonymous class #<Class:0x00000101ec1d80>

W, [2014-05-11T14:38:03.325006 #5536]  WARN -- : Warning. Error encountered while saving cache afc97e8c8dfe5b5b61a81c5ed6e31d4f07834af4/_print.scssc: can't dump anonymous class #<Class:0x00000101ec1d80>

W, [2014-05-11T14:38:03.385056 #5536]  WARN -- : Warning. Error encountered while saving cache afc97e8c8dfe5b5b61a81c5ed6e31d4f07834af4/_glyphicons.scssc: can't dump anonymous class #<Class:0x00000101ec1d80>

W, [2014-05-11T14:38:03.433356 #5536]  WARN -- : Warning. Error encountered while saving cache afc97e8c8dfe5b5b61a81c5ed6e31d4f07834af4/_scaffolding.scssc: can't dump anonymous class #<Class:0x00000101ec1d80>

W, [2014-05-11T14:38:03.457187 #5536]  WARN -- : Warning. Error encountered while saving cache afc97e8c8dfe5b5b61a81c5ed6e31d4f07834af4/_type.scssc: can't dump anonymous class #<Class:0x00000101ec1d80>

W, [2014-05-11T14:38:03.471238 #5536]  WARN -- : Warning. Error encountered while saving cache afc97e8c8dfe5b5b61a81c5ed6e31d4f07834af4/_code.scssc: can't dump anonymous class #<Class:0x00000101ec1d80>

W, [2014-05-11T14:38:03.477387 #5536]  WARN -- : Warning. Error encountered while saving cache afc97e8c8dfe5b5b61a81c5ed6e31d4f07834af4/_grid.scssc: can't dump anonymous class #<Class:0x00000101ec1d80>

W, [2014-05-11T14:38:03.556150 #5536]  WARN -- : Warning. Error encountered while saving cache afc97e8c8dfe5b5b61a81c5ed6e31d4f07834af4/_tables.scssc: can't dump anonymous class #<Class:0x00000101ec1d80>

W, [2014-05-11T14:38:03.592819 #5536]  WARN -- : Warning. Error encountered while saving cache afc97e8c8dfe5b5b61a81c5ed6e31d4f07834af4/_forms.scssc: can't dump anonymous class #<Class:0x00000101ec1d80>

W, [2014-05-11T14:38:03.617013 #5536]  WARN -- : Warning. Error encountered while saving cache afc97e8c8dfe5b5b61a81c5ed6e31d4f07834af4/_buttons.scssc: can't dump anonymous class #<Class:0x00000101ec1d80>

W, [2014-05-11T14:38:03.628721 #5536]  WARN -- : Warning. Error encountered while saving cache afc97e8c8dfe5b5b61a81c5ed6e31d4f07834af4/_component-animations.scssc: can't dump anonymous class #<Class:0x00000101ec1d80>

W, [2014-05-11T14:38:03.646732 #5536]  WARN -- : Warning. Error encountered while saving cache afc97e8c8dfe5b5b61a81c5ed6e31d4f07834af4/_dropdowns.scssc: can't dump anonymous class #<Class:0x00000101ec1d80>

W, [2014-05-11T14:38:03.669187 #5536]  WARN -- : Warning. Error encountered while saving cache afc97e8c8dfe5b5b61a81c5ed6e31d4f07834af4/_button-groups.scssc: can't dump anonymous class #<Class:0x00000101ec1d80>

W, [2014-05-11T14:38:03.687208 #5536]  WARN -- : Warning. Error encountered while saving cache afc97e8c8dfe5b5b61a81c5ed6e31d4f07834af4/_input-groups.scssc: can't dump anonymous class #<Class:0x00000101ec1d80>

W, [2014-05-11T14:38:03.704231 #5536]  WARN -- : Warning. Error encountered while saving cache afc97e8c8dfe5b5b61a81c5ed6e31d4f07834af4/_navs.scssc: can't dump anonymous class #<Class:0x00000101ec1d80>

W, [2014-05-11T14:38:03.761068 #5536]  WARN -- : Warning. Error encountered while saving cache afc97e8c8dfe5b5b61a81c5ed6e31d4f07834af4/_navbar.scssc: can't dump anonymous class #<Class:0x00000101ec1d80>

W, [2014-05-11T14:38:03.781303 #5536]  WARN -- : Warning. Error encountered while saving cache afc97e8c8dfe5b5b61a81c5ed6e31d4f07834af4/_breadcrumbs.scssc: can't dump anonymous class #<Class:0x00000101ec1d80>

W, [2014-05-11T14:38:03.791438 #5536]  WARN -- : Warning. Error encountered while saving cache afc97e8c8dfe5b5b61a81c5ed6e31d4f07834af4/_pagination.scssc: can't dump anonymous class #<Class:0x00000101ec1d80>

W, [2014-05-11T14:38:03.799916 #5536]  WARN -- : Warning. Error encountered while saving cache afc97e8c8dfe5b5b61a81c5ed6e31d4f07834af4/_pager.scssc: can't dump anonymous class #<Class:0x00000101ec1d80>

W, [2014-05-11T14:38:03.806809 #5536]  WARN -- : Warning. Error encountered while saving cache afc97e8c8dfe5b5b61a81c5ed6e31d4f07834af4/_labels.scssc: can't dump anonymous class #<Class:0x00000101ec1d80>

W, [2014-05-11T14:38:03.814920 #5536]  WARN -- : Warning. Error encountered while saving cache afc97e8c8dfe5b5b61a81c5ed6e31d4f07834af4/_badges.scssc: can't dump anonymous class #<Class:0x00000101ec1d80>

W, [2014-05-11T14:38:03.822419 #5536]  WARN -- : Warning. Error encountered while saving cache afc97e8c8dfe5b5b61a81c5ed6e31d4f07834af4/_jumbotron.scssc: can't dump anonymous class #<Class:0x00000101ec1d80>

W, [2014-05-11T14:38:03.828252 #5536]  WARN -- : Warning. Error encountered while saving cache afc97e8c8dfe5b5b61a81c5ed6e31d4f07834af4/_thumbnails.scssc: can't dump anonymous class #<Class:0x00000101ec1d80>

W, [2014-05-11T14:38:03.834194 #5536]  WARN -- : Warning. Error encountered while saving cache afc97e8c8dfe5b5b61a81c5ed6e31d4f07834af4/_alerts.scssc: can't dump anonymous class #<Class:0x00000101ec1d80>

W, [2014-05-11T14:38:03.843536 #5536]  WARN -- : Warning. Error encountered while saving cache afc97e8c8dfe5b5b61a81c5ed6e31d4f07834af4/_progress-bars.scssc: can't dump anonymous class #<Class:0x00000101ec1d80>

W, [2014-05-11T14:38:03.851831 #5536]  WARN -- : Warning. Error encountered while saving cache afc97e8c8dfe5b5b61a81c5ed6e31d4f07834af4/_media.scssc: can't dump anonymous class #<Class:0x00000101ec1d80>

W, [2014-05-11T14:38:03.860452 #5536]  WARN -- : Warning. Error encountered while saving cache afc97e8c8dfe5b5b61a81c5ed6e31d4f07834af4/_list-group.scssc: can't dump anonymous class #<Class:0x00000101ec1d80>

W, [2014-05-11T14:38:03.884014 #5536]  WARN -- : Warning. Error encountered while saving cache afc97e8c8dfe5b5b61a81c5ed6e31d4f07834af4/_panels.scssc: can't dump anonymous class #<Class:0x00000101ec1d80>

W, [2014-05-11T14:38:03.893675 #5536]  WARN -- : Warning. Error encountered while saving cache afc97e8c8dfe5b5b61a81c5ed6e31d4f07834af4/_responsive-embed.scssc: can't dump anonymous class #<Class:0x00000101ec1d80>

W, [2014-05-11T14:38:03.897884 #5536]  WARN -- : Warning. Error encountered while saving cache afc97e8c8dfe5b5b61a81c5ed6e31d4f07834af4/_wells.scssc: can't dump anonymous class #<Class:0x00000101ec1d80>

W, [2014-05-11T14:38:03.902196 #5536]  WARN -- : Warning. Error encountered while saving cache afc97e8c8dfe5b5b61a81c5ed6e31d4f07834af4/_close.scssc: can't dump anonymous class #<Class:0x00000101ec1d80>

W, [2014-05-11T14:38:03.913832 #5536]  WARN -- : Warning. Error encountered while saving cache afc97e8c8dfe5b5b61a81c5ed6e31d4f07834af4/_modals.scssc: can't dump anonymous class #<Class:0x00000101ec1d80>

W, [2014-05-11T14:38:03.927535 #5536]  WARN -- : Warning. Error encountered while saving cache afc97e8c8dfe5b5b61a81c5ed6e31d4f07834af4/_tooltip.scssc: can't dump anonymous class #<Class:0x00000101ec1d80>

W, [2014-05-11T14:38:03.941934 #5536]  WARN -- : Warning. Error encountered while saving cache afc97e8c8dfe5b5b61a81c5ed6e31d4f07834af4/_popovers.scssc: can't dump anonymous class #<Class:0x00000101ec1d80>

W, [2014-05-11T14:38:03.959255 #5536]  WARN -- : Warning. Error encountered while saving cache afc97e8c8dfe5b5b61a81c5ed6e31d4f07834af4/_carousel.scssc: can't dump anonymous class #<Class:0x00000101ec1d80>

W, [2014-05-11T14:38:03.968030 #5536]  WARN -- : Warning. Error encountered while saving cache afc97e8c8dfe5b5b61a81c5ed6e31d4f07834af4/_utilities.scssc: can't dump anonymous class #<Class:0x00000101ec1d80>

W, [2014-05-11T14:38:03.980554 #5536]  WARN -- : Warning. Error encountered while saving cache afc97e8c8dfe5b5b61a81c5ed6e31d4f07834af4/_responsive-utilities.scssc: can't dump anonymous class #<Class:0x00000101ec1d80>

W, [2014-05-11T14:38:04.395500 #5536]  WARN -- : Warning. Error encountered while saving cache 8516aaf8d2b0c1912ca680136098369bac589422/sessions.css.scssc: can't dump anonymous class #<Class:0x00000101ec1d80>

W, [2014-05-11T14:38:04.399411 #5536]  WARN -- : Warning. Error encountered while saving cache 8516aaf8d2b0c1912ca680136098369bac589422/static_pages.css.scssc: can't dump anonymous class #<Class:0x00000101ec1d80>

W, [2014-05-11T14:38:04.402903 #5536]  WARN -- : Warning. Error encountered while saving cache 8516aaf8d2b0c1912ca680136098369bac589422/users.css.scssc: can't dump anonymous class #<Class:0x00000101ec1d80>

